0 info it worked if it ends with ok
1 verbose cli [ '/Users/lindsaywilliams/.nvm/versions/node/v4.2.0/bin/node',
1 verbose cli   '/Users/lindsaywilliams/.nvm/versions/node/v4.2.0/bin/npm',
1 verbose cli   'run',
1 verbose cli   'start' ]
2 info using npm@3.5.0
3 info using node@v4.2.0
4 verbose stack Error: missing script: start
4 verbose stack     at run (/Users/lindsaywilliams/.nvm/versions/node/v4.2.0/lib/node_modules/npm/lib/run-script.js:147:19)
4 verbose stack     at /Users/lindsaywilliams/.nvm/versions/node/v4.2.0/lib/node_modules/npm/lib/run-script.js:57:5
4 verbose stack     at /Users/lindsaywilliams/.nvm/versions/node/v4.2.0/lib/node_modules/npm/node_modules/read-package-json/read-json.js:345:5
4 verbose stack     at checkBinReferences_ (/Users/lindsaywilliams/.nvm/versions/node/v4.2.0/lib/node_modules/npm/node_modules/read-package-json/read-json.js:309:45)
4 verbose stack     at final (/Users/lindsaywilliams/.nvm/versions/node/v4.2.0/lib/node_modules/npm/node_modules/read-package-json/read-json.js:343:3)
4 verbose stack     at then (/Users/lindsaywilliams/.nvm/versions/node/v4.2.0/lib/node_modules/npm/node_modules/read-package-json/read-json.js:113:5)
4 verbose stack     at ReadFileContext.<anonymous> (/Users/lindsaywilliams/.nvm/versions/node/v4.2.0/lib/node_modules/npm/node_modules/read-package-json/read-json.js:284:20)
4 verbose stack     at ReadFileContext.callback (/Users/lindsaywilliams/.nvm/versions/node/v4.2.0/lib/node_modules/npm/node_modules/graceful-fs/graceful-fs.js:76:16)
4 verbose stack     at FSReqWrap.readFileAfterOpen [as oncomplete] (fs.js:303:13)
5 verbose cwd /Users/lindsaywilliams/projects/frontend/frontend_notes/demoIonic/www
6 error Darwin 14.5.0
7 error argv "/Users/lindsaywilliams/.nvm/versions/node/v4.2.0/bin/node" "/Users/lindsaywilliams/.nvm/versions/node/v4.2.0/bin/npm" "run" "start"
8 error node v4.2.0
9 error npm  v3.5.0
10 error missing script: start
11 error If you need help, you may report this error at:
11 error     <https://github.com/npm/npm/issues>
12 verbose exit [ 1, true ]
